<?xml version="1.0" encoding="UTF-8"?>
<testsuite xmlns:xsi="http://www.w3.org/2001/XMLSchema-instance" xsi:noNamespaceSchemaLocation="https://maven.apache.org/surefire/maven-surefire-plugin/xsd/surefire-test-report-3.0.xsd" version="3.0" name="com.musicplayer.config.PropertiesTest" time="5.224" tests="1" errors="0" skipped="0" failures="0">
  <properties>
[...]
</properties>
  <testcase name="propertiesTest" classname="com.musicplayer.config.PropertiesTest" time="0.632">
    <system-out><![CDATA[00:50:38.244 [main] INFO org.springframework.test.context.support.AnnotationConfigContextLoaderUtils -- Could not detect default configuration classes for test class [com.musicplayer.config.PropertiesTest]: PropertiesTest does not declare any static, non-private, non-final, nested classes annotated with @Configuration.
00:50:38.346 [main] INFO org.springframework.boot.test.context.SpringBootTestContextBootstrapper -- Found @SpringBootConfiguration com.musicplayer.MusicPlayerApplication for test class com.musicplayer.config.PropertiesTest
A-U-D-I-U-S- -M-U-S-I-C
2025-12-26T00:50:38.725+05:30  INFO 57784 --- [music-player-backend] [           main] com.musicplayer.config.PropertiesTest    : Starting PropertiesTest using Java 21.0.9 with PID 57784 (started by christopher.paulraj@zucisystems.com in /home/christopher.paulraj@zucisystems.com/java/cruds)
2025-12-26T00:50:38.729+05:30 DEBUG 57784 --- [music-player-backend] [           main] com.musicplayer.config.PropertiesTest    : Running with Spring Boot v3.2.1, Spring v6.1.2
2025-12-26T00:50:38.729+05:30  INFO 57784 --- [music-player-backend] [           main] com.musicplayer.config.PropertiesTest    : No active profile set, falling back to 1 default profile: "default"
2025-12-26T00:50:39.586+05:30  INFO 57784 --- [music-player-backend] [           main] .s.d.r.c.RepositoryConfigurationDelegate : Bootstrapping Spring Data JPA repositories in DEFAULT mode.
2025-12-26T00:50:39.653+05:30  INFO 57784 --- [music-player-backend] [           main] .s.d.r.c.RepositoryConfigurationDelegate : Finished Spring Data repository scanning in 60 ms. Found 3 JPA repository interfaces.
2025-12-26T00:50:40.145+05:30  INFO 57784 --- [music-player-backend] [           main] o.hibernate.jpa.internal.util.LogHelper  : HHH000204: Processing PersistenceUnitInfo [name: default]
2025-12-26T00:50:40.186+05:30  INFO 57784 --- [music-player-backend] [           main] org.hibernate.Version                    : HHH000412: Hibernate ORM core version 6.4.1.Final
2025-12-26T00:50:40.226+05:30  INFO 57784 --- [music-player-backend] [           main] o.h.c.internal.RegionFactoryInitiator    : HHH000026: Second-level cache disabled
2025-12-26T00:50:40.452+05:30  INFO 57784 --- [music-player-backend] [           main] o.s.o.j.p.SpringPersistenceUnitInfo      : No LoadTimeWeaver setup: ignoring JPA class transformer
2025-12-26T00:50:40.484+05:30  INFO 57784 --- [music-player-backend] [           main] com.zaxxer.hikari.HikariDataSource       : HikariPool-1 - Starting...
2025-12-26T00:50:40.653+05:30  INFO 57784 --- [music-player-backend] [           main] com.zaxxer.hikari.pool.HikariPool        : HikariPool-1 - Added connection org.postgresql.jdbc.PgConnection@1fc1c7e
2025-12-26T00:50:40.655+05:30  INFO 57784 --- [music-player-backend] [           main] com.zaxxer.hikari.HikariDataSource       : HikariPool-1 - Start completed.
2025-12-26T00:50:40.680+05:30  WARN 57784 --- [music-player-backend] [           main] org.hibernate.orm.deprecation            : HHH90000025: PostgreSQLDialect does not need to be specified explicitly using 'hibernate.dialect' (remove the property setting and it will be selected by default)
2025-12-26T00:50:41.410+05:30  INFO 57784 --- [music-player-backend] [           main] o.h.e.t.j.p.i.JtaPlatformInitiator       : HHH000489: No JTA platform available (set 'hibernate.transaction.jta.platform' to enable JTA platform integration)
2025-12-26T00:50:41.468+05:30  INFO 57784 --- [music-player-backend] [           main] j.LocalContainerEntityManagerFactoryBean : Initialized JPA EntityManagerFactory for persistence unit 'default'
2025-12-26T00:50:41.957+05:30  WARN 57784 --- [music-player-backend] [           main] JpaBaseConfiguration$JpaWebConfiguration : spring.jpa.open-in-view is enabled by default. Therefore, database queries may be performed during view rendering. Explicitly configure spring.jpa.open-in-view to disable this warning
2025-12-26T00:50:42.032+05:30  INFO 57784 --- [music-player-backend] [           main] o.s.b.a.w.s.WelcomePageHandlerMapping    : Adding welcome page: class path resource [static/index.html]
2025-12-26T00:50:42.278+05:30  INFO 57784 --- [music-player-backend] [           main] o.s.s.web.DefaultSecurityFilterChain     : Will secure any request with [org.springframework.security.web.session.DisableEncodeUrlFilter@7ffb0bb4, org.springframework.security.web.context.request.async.WebAsyncManagerIntegrationFilter@280f061e, org.springframework.security.web.context.SecurityContextHolderFilter@3903cfc9, org.springframework.security.web.header.HeaderWriterFilter@49c72fb7, org.springframework.web.filter.CorsFilter@7d7888a5, org.springframework.security.web.authentication.logout.LogoutFilter@2ec258f1, com.musicplayer.security.JwtAuthenticationFilter@30a5a58d, org.springframework.security.web.savedrequest.RequestCacheAwareFilter@288e50c1, org.springframework.security.web.servletapi.SecurityContextHolderAwareRequestFilter@58e0d1ac, org.springframework.security.web.authentication.AnonymousAuthenticationFilter@6dcdc378, org.springframework.security.web.session.SessionManagementFilter@6c75c5e8, org.springframework.security.web.access.ExceptionTranslationFilter@4b74a4d, org.springframework.security.web.access.intercept.AuthorizationFilter@13288174]
2025-12-26T00:50:42.663+05:30  INFO 57784 --- [music-player-backend] [           main] com.musicplayer.config.PropertiesTest    : Started PropertiesTest in 4.196 seconds (process running for 5.03)
Optional.empty
]]></system-out>
    <system-err><![CDATA[WARNING: A Java agent has been loaded dynamically (/home/christopher.paulraj@zucisystems.com/.m2/repository/net/bytebuddy/byte-buddy-agent/1.14.10/byte-buddy-agent-1.14.10.jar)
WARNING: If a serviceability tool is in use, please run with -XX:+EnableDynamicAgentLoading to hide this warning
WARNING: If a serviceability tool is not in use, please run with -Djdk.instrument.traceUsage for more information
WARNING: Dynamic loading of agents will be disallowed by default in a future release
]]></system-err>
  </testcase>
</testsuite>