<?xml version="1.0" encoding="UTF-8"?>
<testsuite xmlns:xsi="http://www.w3.org/2001/XMLSchema-instance" xsi:noNamespaceSchemaLocation="https://maven.apache.org/surefire/maven-surefire-plugin/xsd/surefire-test-report.xsd" version="3.0.2" name="com.audius.music.MusicApplicationTests" time="0.02" tests="1" errors="0" skipped="0" failures="0">
  <properties>
[...]
</properties>
  <testcase name="contextLoads" classname="com.audius.music.MusicApplicationTests" time="0.004">
    <system-out><![CDATA[2025-12-09T18:31:45.483+05:30  INFO 206840 --- [music] [           main] t.c.s.AnnotationConfigContextLoaderUtils : Could not detect default configuration classes for test class [com.audius.music.MusicApplicationTests]: MusicApplicationTests does not declare any static, non-private, non-final, nested classes annotated with @Configuration.
2025-12-09T18:31:45.491+05:30  INFO 206840 --- [music] [           main] .b.t.c.SpringBootTestContextBootstrapper : Found @SpringBootConfiguration com.audius.music.MusicApplication for test class com.audius.music.MusicApplicationTests
]]></system-out>
  </testcase>
</testsuite>