<?xml version="1.0" encoding="UTF-8"?>
<testsuite xmlns:xsi="http://www.w3.org/2001/XMLSchema-instance" xsi:noNamespaceSchemaLocation="https://maven.apache.org/surefire/maven-surefire-plugin/xsd/surefire-test-report.xsd" version="3.0.2" name="com.audius.music.userRepoTest.UserRepoTest" time="8.976" tests="1" errors="0" skipped="0" failures="0">
  <properties>
[...]
</properties>
  <testcase name="userRepoTest" classname="com.audius.music.userRepoTest.UserRepoTest" time="0.474">
    <system-out><![CDATA[18:31:36.640 [main] INFO org.springframework.test.context.support.AnnotationConfigContextLoaderUtils -- Could not detect default configuration classes for test class [com.audius.music.userRepoTest.UserRepoTest]: UserRepoTest does not declare any static, non-private, non-final, nested classes annotated with @Configuration.
18:31:36.743 [main] INFO org.springframework.boot.test.context.SpringBootTestContextBootstrapper -- Found @SpringBootConfiguration com.audius.music.MusicApplication for test class com.audius.music.userRepoTest.UserRepoTest
A-U-D-I-U-S- -M-U-S-I-C
2025-12-09T18:31:37.109+05:30  INFO 206840 --- [music] [           main] c.a.music.userRepoTest.UserRepoTest      : Starting UserRepoTest using Java 21.0.9 with PID 206840 (started by christopher.paulraj@zucisystems.com in /home/christopher.paulraj@zucisystems.com/java/audius)
2025-12-09T18:31:37.111+05:30  INFO 206840 --- [music] [           main] c.a.music.userRepoTest.UserRepoTest      : No active profile set, falling back to 1 default profile: "default"
2025-12-09T18:31:37.611+05:30  INFO 206840 --- [music] [           main] .s.d.r.c.RepositoryConfigurationDelegate : Bootstrapping Spring Data JPA repositories in DEFAULT mode.
2025-12-09T18:31:37.659+05:30  INFO 206840 --- [music] [           main] .s.d.r.c.RepositoryConfigurationDelegate : Finished Spring Data repository scanning in 38 ms. Found 1 JPA repository interface.
2025-12-09T18:31:38.287+05:30  INFO 206840 --- [music] [           main] o.hibernate.jpa.internal.util.LogHelper  : HHH000204: Processing PersistenceUnitInfo [name: default]
2025-12-09T18:31:38.332+05:30  INFO 206840 --- [music] [           main] org.hibernate.Version                    : HHH000412: Hibernate ORM core version 7.1.8.Final
2025-12-09T18:31:38.707+05:30  INFO 206840 --- [music] [           main] o.s.o.j.p.SpringPersistenceUnitInfo      : No LoadTimeWeaver setup: ignoring JPA class transformer
2025-12-09T18:31:38.735+05:30  INFO 206840 --- [music] [           main] com.zaxxer.hikari.HikariDataSource       : HikariPool-1 - Starting...
2025-12-09T18:31:43.059+05:30  INFO 206840 --- [music] [           main] com.zaxxer.hikari.pool.HikariPool        : HikariPool-1 - Added connection org.postgresql.jdbc.PgConnection@706d2bae
2025-12-09T18:31:43.061+05:30  INFO 206840 --- [music] [           main] com.zaxxer.hikari.HikariDataSource       : HikariPool-1 - Start completed.
2025-12-09T18:31:43.215+05:30  INFO 206840 --- [music] [           main] org.hibernate.orm.connections.pooling    : HHH10001005: Database info:
	Database JDBC URL [jdbc:postgresql://db.zpoasiutzjkfsmbsrzmy.supabase.co:5432/postgres]
	Database driver: PostgreSQL JDBC Driver
	Database dialect: PostgreSQLDialect
	Database version: 17.6
	Default catalog/schema: postgres/public
	Autocommit mode: undefined/unknown
	Isolation level: READ_COMMITTED [default READ_COMMITTED]
	JDBC fetch size: none
	Pool: DatasourceConnectionProviderImpl
	Minimum pool size: undefined/unknown
	Maximum pool size: undefined/unknown
2025-12-09T18:31:44.011+05:30  INFO 206840 --- [music] [           main] o.h.e.t.j.p.i.JtaPlatformInitiator       : HHH000489: No JTA platform available (set 'hibernate.transaction.jta.platform' to enable JTA platform integration)
2025-12-09T18:31:44.129+05:30  INFO 206840 --- [music] [           main] j.LocalContainerEntityManagerFactoryBean : Initialized JPA EntityManagerFactory for persistence unit 'default'
2025-12-09T18:31:44.223+05:30  INFO 206840 --- [music] [           main] o.s.d.j.r.query.QueryEnhancerFactories   : Hibernate is in classpath; If applicable, HQL parser will be used.
2025-12-09T18:31:44.500+05:30  WARN 206840 --- [music] [           main] JpaBaseConfiguration$JpaWebConfiguration : spring.jpa.open-in-view is enabled by default. Therefore, database queries may be performed during view rendering. Explicitly configure spring.jpa.open-in-view to disable this warning
2025-12-09T18:31:44.517+05:30  INFO 206840 --- [music] [           main] o.s.b.w.a.WelcomePageHandlerMapping      : Adding welcome page: class path resource [static/index.html]
2025-12-09T18:31:44.535+05:30  INFO 206840 --- [music] [           main] o.s.v.b.OptionalValidatorFactoryBean     : Failed to set up a Bean Validation provider: jakarta.validation.NoProviderFoundException: Unable to create a Configuration, because no Jakarta Validation provider could be found. Add a provider like Hibernate Validator (RI) to your classpath.
2025-12-09T18:31:44.979+05:30  INFO 206840 --- [music] [           main] c.a.music.userRepoTest.UserRepoTest      : Started UserRepoTest in 8.113 seconds (process running for 9.186)
Hibernate: select t1_0.id,t1_0.created_on,t1_0.tenant_name from user_management t1_0 where t1_0.id=?
Optional.empty
]]></system-out>
    <system-err><![CDATA[Mockito is currently self-attaching to enable the inline-mock-maker. This will no longer work in future releases of the JDK. Please add Mockito as an agent to your build as described in Mockito's documentation: https://javadoc.io/doc/org.mockito/mockito-core/latest/org.mockito/org/mockito/Mockito.html#0.3
WARNING: A Java agent has been loaded dynamically (/home/christopher.paulraj@zucisystems.com/.m2/repository/net/bytebuddy/byte-buddy-agent/1.17.8/byte-buddy-agent-1.17.8.jar)
WARNING: If a serviceability tool is in use, please run with -XX:+EnableDynamicAgentLoading to hide this warning
WARNING: If a serviceability tool is not in use, please run with -Djdk.instrument.traceUsage for more information
WARNING: Dynamic loading of agents will be disallowed by default in a future release
]]></system-err>
  </testcase>
</testsuite>